<?xml version="1.0" encoding="UTF-8"?>
<testsuite name="ru.stqa.pft.sandbox.PointTests" tests="1" skipped="0" failures="0" errors="0" timestamp="2021-06-10T11:12:37" hostname="DSUD-KORNILOV" time="0.005">
  <properties/>
  <testcase name="testPoint" classname="ru.stqa.pft.sandbox.PointTests" time="0.005"/>
  <system-out><![CDATA[]]></system-out>
  <system-err><![CDATA[]]></system-err>
</testsuite>
